{
  "RSpec": {
    "coverage": {
      "/mnt/c/Users/snice/Development/code/Phase_0/tic-tac-toe-rb/lib/tic_tac_toe.rb": [
        null,
        1,
        null,
        null,
        null,
        null,
        null,
        null,
        null,
        null,
        null,
        null,
        1,
        24,
        24,
        24,
        24,
        24,
        null,
        null,
        null,
        1,
        23,
        null,
        null,
        1,
        21,
        21,
        189,
        31,
        null,
        null,
        21,
        null,
        null,
        1,
        20,
        null,
        null,
        null,
        1,
        22,
        null,
        null,
        1,
        28,
        24,
        4,
        4,
        null,
        null,
        null,
        null,
        null,
        1,
        23,
        20,
        3,
        1,
        2,
        null,
        null,
        null,
        null,
        null,
        1,
        20,
        20,
        20,
        20,
        19,
        19,
        null,
        1,
        null,
        null,
        null,
        null,
        1,
        63,
        413,
        413,
        413,
        null,
        413,
        18,
        395,
        6,
        null,
        null,
        39,
        null,
        null,
        null,
        1,
        187,
        null,
        null,
        null,
        1,
        20,
        null,
        null,
        null,
        1,
        21,
        10,
        null,
        null,
        null,
        null,
        1,
        7,
        6,
        null,
        null,
        null,
        null,
        1,
        12,
        17,
        null,
        12,
        5,
        7,
        3,
        null,
        null,
        null
      ]
    },
    "timestamp": 1634066238
  }
}
